Arguments: 
  C:\Program Files (x86)\nodejs\node.exe C:\Program Files (x86)\Yarn\bin\yarn.js

PATH: 
  C:\Program Files\ConEmu\ConEmu\Scripts;C:\Program Files\ConEmu;C:\Program Files\ConEmu\ConEmu;C:\Program Files\Docker\Docker\Resources\bin;C:\Program Files (x86)\PHP\v7.2.16;C:\Program Files\iis express\PHP\v7.2;C:\Program Files\iis express\PHP\v7.1;C:\Program Files (x86)\PHP\v7.1.12;C:\Program Files (x86)\PHP\v5.6;C:\Program Files (x86)\PHP\v5.3;C:\ProgramData\Oracle\Java\javapath;C:\Python27\;C:\Python27\Scripts;C:\Windows\system32;C:\Windows;C:\Windows\System32\Wbem;C:\Windows\System32\WindowsPowerShell\v1.0\;C:\Users\k.stec\AppData\Local\Microsoft\WindowsApps;C:\Program Files\Git\cmd;C:\Program Files (x86)\nodejs\;C:\Program Files\MySQL\MySQL Utilities 1.6\;C:\WINDOWS\system32;C:\WINDOWS;C:\WINDOWS\System32\Wbem;C:\WINDOWS\System32\WindowsPowerShell\v1.0\;C:\Program Files\Microsoft VS Code\bin;C:\Program Files\TortoiseGit\bin;C:\Users\k.stec\AppData\Roaming\npm;C:\Users\k.stec\AppData\Local\atom\bin;C:\Users\k.stec\AppData\Roaming\Composer;C:\Program Files\Docker Toolbox;C:\WINDOWS\System32\OpenSSH\;C:\Program Files\PuTTY\;C:\WINDOWS\system32;C:\WINDOWS;C:\WINDOWS\System32\Wbem;C:\WINDOWS\System32\WindowsPowerShell\v1.0\;C:\Prog;C:\Program Files (x86)\Yarn\bin\;C:\Ruby24-x64\bin;C:\Users\k.stec\AppData\Local\Programs\Microsoft VS Code Insiders\bin;C:\Users\k.stec\Desktop\cmder\bin;C:\Users\k.stec\AppData\Local\Yarn\bin

Yarn version: 
  1.13.0

Node version: 
  6.11.5

Platform: 
  win32 x64

Trace: 
  SyntaxError: D:\Projekty\cityfit\wp-content\themes\cityfit\package.json: Unexpected token } in JSON at position 707
      at Object.parse (native)
      at C:\Program Files (x86)\Yarn\lib\cli.js:1625:59
      at next (native)
      at step (C:\Program Files (x86)\Yarn\lib\cli.js:304:30)
      at C:\Program Files (x86)\Yarn\lib\cli.js:315:13

npm manifest: 
  {
    "name": "barlinek",
    "version": "1.0.0",
    "description": "",
    "author": "",
    "license": "ISC",
    "devDependencies": {
      "babel": "^6.23.0",
      "babel-core": "^6.26.0",
      "babel-plugin-syntax-dynamic-import": "^6.18.0",
      "babel-plugin-transform-class-properties": "^6.24.1",
      "babel-plugin-transform-decorators-legacy": "^1.3.4",
      "babel-plugin-transform-es2015-arrow-functions": "^6.22.0",
      "babel-plugin-transform-es2015-classes": "^6.24.1",
      "babel-plugin-transform-object-assign": "^6.22.0",
      "babel-preset-es2015-webpack": "^6.4.3",
      "cross-env": "^5.1.3",
      "laravel-mix": "^2.0.0",
      "precss": "^2.0.0",
      "vue-events": "^3.1.0",
      "vue-loader": "^14.1.1",
    },
    "scripts": {
      "webpack": "cross-env NODE_ENV=development webpack --progress --hide-modules --config=node_modules/laravel-mix/setup/webpack.config.js",
      "dev": "cross-env NODE_ENV=development webpack --watch --progress --hide-modules --config=node_modules/laravel-mix/setup/webpack.config.js",
      "hmr": "cross-env NODE_ENV=development webpack-dev-server --inline --hot --config=node_modules/laravel-mix/setup/webpack.config.js",
      "production": "cross-env NODE_ENV=production webpack --progress --hide-modules --config=node_modules/laravel-mix/setup/webpack.config.js"
    },
    "dependencies": {
      "axios": "^0.17.1",
      "babel-polyfill": "^6.26.0",
      "es6-promise": "^4.2.4",
      "font-awesome": "^4.7.0",
      "foundation-sites": "^6.4.4-rc1",
      "jquery": "^3.2.1",
      "jquery-match-height": "^0.7.2",
      "jquery-ui": "^1.12.1",
      "jquery-ui-dist": "^1.12.1",
      "jquery.cookie": "^1.4.1",
      "js-cookie": "^2.2.0",
      "vee-validate": "^2.0.6",
      "vue": "^2.5.13",
      "vue-inject": "^2.0.0",
    },
    "browser": {
      "vue": "vue/dist/vue.common.js"
    }
  }

yarn manifest: 
  No manifest

Lockfile: 
  No lockfile
